caresensOriginalSdk/build/intermediates/manifest_merge_blame_file/debug/manifest-merger-blame-debug-report.txt
1<?xml version="1.0" encoding="utf-8"?>
2<manifest xmlns:android="http://schemas.android.com/apk/res/android"
3    xmlns:tools="http://schemas.android.com/tools"
4    package="com.isens.standard.ble" >
5
6    <uses-sdk
7        android:minSdkVersion="21"
7-->src/main/AndroidManifest.xml
8        android:targetSdkVersion="31" />
8-->src/main/AndroidManifest.xml
9
10    <uses-feature
10-->src/main/AndroidManifest.xml:6:5-8:36
11        android:name="android.hardware.bluetooth_le"
11-->src/main/AndroidManifest.xml:7:9-53
12        android:required="false" />
12-->src/main/AndroidManifest.xml:8:9-33
13
14    <uses-permission android:name="android.permission.BLUETOOTH" />
14-->src/main/AndroidManifest.xml:10:5-68
14-->src/main/AndroidManifest.xml:10:22-65
15    <uses-permission android:name="android.permission.BLUETOOTH_ADMIN" />
15-->src/main/AndroidManifest.xml:11:5-74
15-->src/main/AndroidManifest.xml:11:22-71
16    <uses-permission android:name="android.permission.ACCESS_COARSE_LOCATION" />
16-->src/main/AndroidManifest.xml:12:5-81
16-->src/main/AndroidManifest.xml:12:22-78
17    <uses-permission android:name="android.permission.ACCESS_FINE_LOCATION" />
17-->src/main/AndroidManifest.xml:13:5-79
17-->src/main/AndroidManifest.xml:13:22-76
18    <uses-permission android:name="android.permission.BLUETOOTH_CONNECT" />
18-->src/main/AndroidManifest.xml:14:5-76
18-->src/main/AndroidManifest.xml:14:22-73
19    <uses-permission android:name="android.permission.BLUETOOTH_SCAN" />
19-->src/main/AndroidManifest.xml:15:5-73
19-->src/main/AndroidManifest.xml:15:22-70
20    <uses-permission android:name="android.permission.RECEIVE_BOOT_COMPLETED" />
20-->src/main/AndroidManifest.xml:16:5-81
20-->src/main/AndroidManifest.xml:16:22-78
21
22    <application
22-->src/main/AndroidManifest.xml:18:5-52:19
23        android:allowBackup="true"
23-->src/main/AndroidManifest.xml:19:9-35
24        android:icon="@mipmap/justble"
24-->src/main/AndroidManifest.xml:20:9-39
25        android:label="@string/app_name"
25-->src/main/AndroidManifest.xml:21:9-41
26        tools:replace="android:icon" >
26-->src/main/AndroidManifest.xml:22:9-37
27
28        <!--
29        <activity
30            android:name="com.isens.standard.ble.MainActivity"
31            android:label="@string/app_name"
32            android:screenOrientation="portrait"
33            android:windowSoftInputMode="adjustPan"
34            android:exported="true">
35            <intent-filter>
36                <action android:name="android.intent.action.MAIN" />
37
38                <category android:name="android.intent.category.LAUNCHER" />
39            </intent-filter>
40        </activity>
41        -->
42
43        <service
43-->src/main/AndroidManifest.xml:36:9-39:38
44            android:name="com.isens.standard.ble.GlucoseBleService"
44-->src/main/AndroidManifest.xml:37:13-46
45            android:enabled="true"
45-->src/main/AndroidManifest.xml:38:13-35
46            android:exported="true" />
46-->src/main/AndroidManifest.xml:39:13-36
47
48        <receiver
48-->src/main/AndroidManifest.xml:41:9-50:20
49            android:name="com.isens.standard.ble.BootReceiver"
49-->src/main/AndroidManifest.xml:42:13-41
50            android:enabled="true"
50-->src/main/AndroidManifest.xml:43:13-35
51            android:exported="true"
51-->src/main/AndroidManifest.xml:45:13-36
52            android:permission="android.permission.RECEIVE_BOOT_COMPLETED" >
52-->src/main/AndroidManifest.xml:44:13-75
53            <intent-filter>
53-->src/main/AndroidManifest.xml:46:13-49:29
54                <action android:name="android.intent.action.BOOT_COMPLETED" />
54-->src/main/AndroidManifest.xml:47:17-79
54-->src/main/AndroidManifest.xml:47:25-76
55
56                <category android:name="android.intent.category.DEFAULT" />
56-->src/main/AndroidManifest.xml:48:17-76
56-->src/main/AndroidManifest.xml:48:27-73
57            </intent-filter>
58        </receiver>
59    </application>
60
61</manifest>